<?xml version="1.0" encoding="UTF-8"?>
<testsuite xmlns:xsi="http://www.w3.org/2001/XMLSchema-instance" xsi:noNamespaceSchemaLocation="https://maven.apache.org/surefire/maven-surefire-plugin/xsd/surefire-test-report.xsd" name="ui.TestEmployeeDetails" time="0.754" tests="2" errors="0" skipped="0" failures="1">
  <properties>
    <property name="java.specification.version" value="22"/>
    <property name="sun.jnu.encoding" value="UTF-8"/>
    <property name="java.class.path" value="/Users/thuydung/Desktop/mavenfailcase/demo/target/test-classes:/Users/thuydung/Desktop/mavenfailcase/demo/target/classes:/Users/thuydung/.m2/repository/org/testng/testng/7.9.0/testng-7.9.0.jar:/Users/thuydung/.m2/repository/org/slf4j/slf4j-api/1.7.36/slf4j-api-1.7.36.jar:/Users/thuydung/.m2/repository/com/beust/jcommander/1.82/jcommander-1.82.jar:/Users/thuydung/.m2/repository/org/webjars/jquery/3.7.1/jquery-3.7.1.jar:"/>
    <property name="java.vm.vendor" value="Homebrew"/>
    <property name="sun.arch.data.model" value="64"/>
    <property name="java.vendor.url" value="https://github.com/Homebrew/homebrew-core/issues"/>
    <property name="os.name" value="Mac OS X"/>
    <property name="java.vm.specification.version" value="22"/>
    <property name="sun.java.launcher" value="SUN_STANDARD"/>
    <property name="user.country" value="VN"/>
    <property name="sun.boot.library.path" value="/usr/local/Cellar/openjdk/22.0.1/libexec/openjdk.jdk/Contents/Home/lib"/>
    <property name="sun.java.command" value="/Users/thuydung/Desktop/mavenfailcase/demo/target/surefire/surefirebooter2020610128530163656.jar /Users/thuydung/Desktop/mavenfailcase/demo/target/surefire 2024-06-25T11-54-10_116-jvmRun1 surefire10058994948431427060tmp surefire_012876370333881668299tmp"/>
    <property name="http.nonProxyHosts" value="local|*.local|169.254/16|*.169.254/16"/>
    <property name="jdk.debug" value="release"/>
    <property name="surefire.test.class.path" value="/Users/thuydung/Desktop/mavenfailcase/demo/target/test-classes:/Users/thuydung/Desktop/mavenfailcase/demo/target/classes:/Users/thuydung/.m2/repository/org/testng/testng/7.9.0/testng-7.9.0.jar:/Users/thuydung/.m2/repository/org/slf4j/slf4j-api/1.7.36/slf4j-api-1.7.36.jar:/Users/thuydung/.m2/repository/com/beust/jcommander/1.82/jcommander-1.82.jar:/Users/thuydung/.m2/repository/org/webjars/jquery/3.7.1/jquery-3.7.1.jar:"/>
    <property name="sun.cpu.endian" value="little"/>
    <property name="user.home" value="/Users/thuydung"/>
    <property name="user.language" value="en"/>
    <property name="java.specification.vendor" value="Oracle Corporation"/>
    <property name="java.version.date" value="2024-04-16"/>
    <property name="java.home" value="/usr/local/Cellar/openjdk/22.0.1/libexec/openjdk.jdk/Contents/Home"/>
    <property name="file.separator" value="/"/>
    <property name="basedir" value="/Users/thuydung/Desktop/mavenfailcase/demo"/>
    <property name="java.vm.compressedOopsMode" value="Zero based"/>
    <property name="line.separator" value="&#10;"/>
    <property name="java.vm.specification.vendor" value="Oracle Corporation"/>
    <property name="java.specification.name" value="Java Platform API Specification"/>
    <property name="apple.awt.application.name" value="ForkedBooter"/>
    <property name="surefire.real.class.path" value="/Users/thuydung/Desktop/mavenfailcase/demo/target/surefire/surefirebooter2020610128530163656.jar"/>
    <property name="sun.management.compiler" value="HotSpot 64-Bit Tiered Compilers"/>
    <property name="ftp.nonProxyHosts" value="local|*.local|169.254/16|*.169.254/16"/>
    <property name="java.runtime.version" value="22.0.1"/>
    <property name="user.name" value="thuydung"/>
    <property name="stdout.encoding" value="UTF-8"/>
    <property name="path.separator" value=":"/>
    <property name="os.version" value="13.0"/>
    <property name="java.runtime.name" value="OpenJDK Runtime Environment"/>
    <property name="file.encoding" value="UTF-8"/>
    <property name="java.vm.name" value="OpenJDK 64-Bit Server VM"/>
    <property name="java.vendor.version" value="Homebrew"/>
    <property name="localRepository" value="/Users/thuydung/.m2/repository"/>
    <property name="java.vendor.url.bug" value="https://github.com/Homebrew/homebrew-core/issues"/>
    <property name="java.io.tmpdir" value="/var/folders/qh/dq9k4nkx4wx9fdgk_pcypys00000gp/T/"/>
    <property name="java.version" value="22.0.1"/>
    <property name="user.dir" value="/Users/thuydung/Desktop/mavenfailcase/demo"/>
    <property name="os.arch" value="x86_64"/>
    <property name="java.vm.specification.name" value="Java Virtual Machine Specification"/>
    <property name="native.encoding" value="UTF-8"/>
    <property name="java.library.path" value="/Users/thuydung/Library/Java/Extensions:/Library/Java/Extensions:/Network/Library/Java/Extensions:/System/Library/Java/Extensions:/usr/lib/java:."/>
    <property name="java.vm.info" value="mixed mode, sharing"/>
    <property name="stderr.encoding" value="UTF-8"/>
    <property name="java.vendor" value="Homebrew"/>
    <property name="java.vm.version" value="22.0.1"/>
    <property name="sun.io.unicode.encoding" value="UnicodeBig"/>
    <property name="socksNonProxyHosts" value="local|*.local|169.254/16|*.169.254/16"/>
    <property name="java.class.version" value="66.0"/>
  </properties>
  <testcase name="testCalculateAppriasal" classname="ui.TestEmployeeDetails" time="0.013"/>
  <testcase name="testCalculateYearlySalary" classname="ui.TestEmployeeDetails" time="0.016">
    <failure message="8000 expected [96000.0] but found [96001.0]" type="java.lang.AssertionError">java.lang.AssertionError: 8000 expected [96000.0] but found [96001.0]
	at ui.TestEmployeeDetails.testCalculateYearlySalary(TestEmployeeDetails.java:30)
</failure>
  </testcase>
</testsuite>